59.0 APEX_CODE,FINEST;APEX_PROFILING,INFO;CALLOUT,INFO;DATA_ACCESS,INFO;DB,INFO;NBA,INFO;SYSTEM,DEBUG;VALIDATION,INFO;VISUALFORCE,FINER;WAVE,INFO;WORKFLOW,INFO
12:20:52.6 (6127132)|USER_INFO|[EXTERNAL]|005d2000006oujV|adamalivres19@resourceful-bear-e2htww.com|(GMT+01:00) Western European Summer Time (Africa/Casablanca)|GMT+01:00
12:20:52.6 (6187337)|EXECUTION_STARTED
12:20:52.6 (6212073)|CODE_UNIT_STARTED|[EXTERNAL]|01pd2000005kKor|UserProfileControllerTest.testGetCurrentUserProfile()
12:20:52.6 (9932351)|HEAP_ALLOCATE|[93]|Bytes:3
12:20:52.6 (10025958)|HEAP_ALLOCATE|[98]|Bytes:152
12:20:52.6 (10044585)|HEAP_ALLOCATE|[415]|Bytes:408
12:20:52.6 (10056277)|HEAP_ALLOCATE|[428]|Bytes:408
12:20:52.6 (10065380)|HEAP_ALLOCATE|[536]|Bytes:48
12:20:52.6 (10087428)|HEAP_ALLOCATE|[247]|Bytes:6
12:20:52.6 (10140379)|HEAP_ALLOCATE|[EXTERNAL]|Bytes:7
12:20:52.6 (10156953)|METHOD_ENTRY|[2]|01pd2000005kKor|UserProfileControllerTest.UserProfileControllerTest()
12:20:52.6 (10161136)|STATEMENT_EXECUTE|[2]
12:20:52.6 (10164577)|STATEMENT_EXECUTE|[2]
12:20:52.6 (10167043)|METHOD_EXIT|[2]|UserProfileControllerTest
12:20:52.6 (10191962)|HEAP_ALLOCATE|[68]|Bytes:5
12:20:52.6 (10213739)|HEAP_ALLOCATE|[74]|Bytes:5
12:20:52.6 (10218475)|HEAP_ALLOCATE|[82]|Bytes:7
12:20:52.6 (10255019)|STATEMENT_EXECUTE|[4]
12:20:52.6 (10256072)|STATEMENT_EXECUTE|[5]
12:20:52.6 (10274776)|HEAP_ALLOCATE|[5]|Bytes:114
12:20:52.6 (10280017)|SYSTEM_METHOD_ENTRY|[1]|Test.Test()
12:20:52.6 (10281899)|STATEMENT_EXECUTE|[1]
12:20:52.6 (10285507)|SYSTEM_METHOD_EXIT|[1]|Test
12:20:52.6 (10294648)|METHOD_ENTRY|[5]||System.Test.startTest()
12:20:52.6 (12941798)|METHOD_EXIT|[5]||System.Test.startTest()
12:20:52.6 (12948168)|STATEMENT_EXECUTE|[6]
12:20:52.6 (12994859)|HEAP_ALLOCATE|[6]|Bytes:1
12:20:52.6 (13005742)|METHOD_ENTRY|[1]|01pd2000005hs3u|UserProfileController.UserProfileController()
12:20:52.6 (13008519)|STATEMENT_EXECUTE|[1]
12:20:52.6 (13010292)|STATEMENT_EXECUTE|[1]
12:20:52.6 (14816048)|SYSTEM_MODE_ENTER|false
12:20:52.6 (14840708)|HEAP_ALLOCATE|[6]|Bytes:5
12:20:52.6 (14849217)|SYSTEM_MODE_EXIT|false
12:20:52.6 (14860936)|METHOD_EXIT|[1]|UserProfileController
12:20:52.6 (14873773)|METHOD_ENTRY|[6]|01pd2000005hs3u|UserProfileController.getCurrentUserProfile()
12:20:52.6 (14908836)|SYSTEM_MODE_ENTER|false
12:20:52.6 (14911957)|HEAP_ALLOCATE|[4]|Bytes:5
12:20:52.6 (14915498)|STATEMENT_EXECUTE|[3]
12:20:52.6 (14916727)|STATEMENT_EXECUTE|[4]
12:20:52.6 (14917463)|STATEMENT_EXECUTE|[4]
12:20:52.6 (14918427)|STATEMENT_EXECUTE|[5]
12:20:52.6 (14921299)|HEAP_ALLOCATE|[5]|Bytes:49
12:20:52.6 (14943540)|HEAP_ALLOCATE|[5]|Bytes:4
12:20:52.6 (14955091)|HEAP_ALLOCATE|[5]|Bytes:7
12:20:52.6 (14990105)|HEAP_ALLOCATE|[5]|Bytes:105
12:20:52.6 (14998438)|SYSTEM_METHOD_ENTRY|[1]|UserInfo.UserInfo()
12:20:52.6 (15000734)|STATEMENT_EXECUTE|[1]
12:20:52.6 (15004256)|SYSTEM_METHOD_EXIT|[1]|UserInfo
12:20:52.6 (15008737)|METHOD_ENTRY|[5]||System.UserInfo.getUserId()
12:20:52.6 (17167297)|METHOD_EXIT|[5]||System.UserInfo.getUserId()
12:20:52.6 (20355309)|SOQL_EXECUTE_BEGIN|[5]|Aggregations:0|SELECT Profile.Name FROM User WHERE Id = :tmpVar1
12:20:52.6 (41131768)|SOQL_EXECUTE_END|[5]|Rows:1
12:20:52.6 (41166951)|HEAP_ALLOCATE|[5]|Bytes:8
12:20:52.6 (41201461)|HEAP_ALLOCATE|[5]|Bytes:127
12:20:52.6 (41341907)|HEAP_ALLOCATE|[5]|Bytes:8
12:20:52.6 (41358692)|HEAP_ALLOCATE|[5]|Bytes:30
12:20:52.6 (41420266)|HEAP_ALLOCATE|[5]|Bytes:16
12:20:52.6 (41606006)|SYSTEM_MODE_EXIT|false
12:20:52.6 (41628452)|METHOD_EXIT|[6]|01pd2000005hs3u|UserProfileController.getCurrentUserProfile()
12:20:52.6 (41639840)|VARIABLE_SCOPE_BEGIN|[6]|profileName|String|false|false
12:20:52.6 (41674786)|VARIABLE_ASSIGNMENT|[6]|profileName|"System Administrator"
12:20:52.6 (41678593)|STATEMENT_EXECUTE|[7]
12:20:52.6 (41691202)|METHOD_ENTRY|[7]||System.Test.stopTest()
12:20:52.6 (41828986)|METHOD_EXIT|[7]||System.Test.stopTest()
12:20:52.6 (41831650)|STATEMENT_EXECUTE|[8]
12:20:52.6 (41834778)|HEAP_ALLOCATE|[8]|Bytes:37
12:20:52.41 (41918719)|CUMULATIVE_LIMIT_USAGE
12:20:52.41 (41918719)|LIMIT_USAGE_FOR_NS|(default)|
  Number of SOQL queries: 0 out of 100
  Number of query rows: 0 out of 50000
  Number of SOSL queries: 0 out of 20
  Number of DML statements: 0 out of 150
  Number of Publish Immediate DML: 0 out of 150
  Number of DML rows: 0 out of 10000
  Maximum CPU time: 0 out of 10000
  Maximum heap size: 0 out of 6000000
  Number of callouts: 0 out of 100
  Number of Email Invocations: 0 out of 10
  Number of future calls: 0 out of 50
  Number of queueable jobs added to the queue: 0 out of 50
  Number of Mobile Apex push calls: 0 out of 10

12:20:52.41 (41918719)|TESTING_LIMITS
12:20:52.41 (41918719)|LIMIT_USAGE_FOR_NS|(default)|
  Number of SOQL queries: 1 out of 100
  Number of query rows: 1 out of 50000
  Number of SOSL queries: 0 out of 20
  Number of DML statements: 0 out of 150
  Number of Publish Immediate DML: 0 out of 150
  Number of DML rows: 0 out of 10000
  Maximum CPU time: 0 out of 10000
  Maximum heap size: 0 out of 6000000
  Number of callouts: 0 out of 100
  Number of Email Invocations: 0 out of 10
  Number of future calls: 0 out of 50
  Number of queueable jobs added to the queue: 0 out of 50
  Number of Mobile Apex push calls: 0 out of 10

12:20:52.41 (41918719)|CUMULATIVE_LIMIT_USAGE_END

12:20:52.6 (41962180)|CODE_UNIT_FINISHED|UserProfileControllerTest.testGetCurrentUserProfile()
12:20:52.6 (41972506)|EXECUTION_FINISHED
